<?xml version="1.0" encoding="UTF-8"?>
<!-- Generated by org.testng.reporters.JUnitReportReporter -->
<testsuite hostname="SPENCERLUO-PC" name="testcase.MyTest" tests="1" failures="0" timestamp="1 Apr 2017 06:02:47 GMT" time="0.003" errors="0">
  <testcase name="f" time="0.003" classname="testcase.MyTest"/>
</testsuite> <!-- testcase.MyTest -->
